Flow report for Tarefa4
Tue Feb 07 21:45:58 2023
Quartus II 64-Bit Version 13.0.0 Build 156 04/24/2013 SJ Web Edition


---------------------
; Table of Contents ;
---------------------
  1. Legal Notice
  2. Flow Summary
  3. Flow Settings
  4. Flow Non-Default Global Settings
  5. Flow Elapsed Time
  6. Flow OS Summary
  7. Flow Log
  8. Flow Messages
  9. Flow Suppressed Messages



----------------
; Legal Notice ;
----------------
Copyright (C) 1991-2013 Altera Corporation
Your use of Altera Corporation's design tools, logic functions 
and other software and tools, and its AMPP partner logic 
functions, and any output files from any of the foregoing 
(including device programming or simulation files), and any 
associated documentation or information are expressly subject 
to the terms and conditions of the Altera Program License 
Subscription Agreement, Altera MegaCore Function License 
Agreement, or other applicable license agreement, including, 
without limitation, that your use is for the sole purpose of 
programming logic devices manufactured by Altera and sold by 
Altera or its authorized distributors.  Please refer to the 
applicable agreement for further details.



+---------------------------------------------------------------------------------+
; Flow Summary                                                                    ;
+------------------------------------+--------------------------------------------+
; Flow Status                        ; Successful - Tue Feb 07 21:45:58 2023      ;
; Quartus II 64-Bit Version          ; 13.0.0 Build 156 04/24/2013 SJ Web Edition ;
; Revision Name                      ; Tarefa4                                    ;
; Top-level Entity Name              ; main                                       ;
; Family                             ; Cyclone II                                 ;
; Device                             ; EP2C20F484C7                               ;
; Timing Models                      ; Final                                      ;
; Total logic elements               ; 276 / 18,752 ( 1 % )                       ;
;     Total combinational functions  ; 271 / 18,752 ( 1 % )                       ;
;     Dedicated logic registers      ; 54 / 18,752 ( < 1 % )                      ;
; Total registers                    ; 54                                         ;
; Total pins                         ; 52 / 315 ( 17 % )                          ;
; Total virtual pins                 ; 0                                          ;
; Total memory bits                  ; 0 / 239,616 ( 0 % )                        ;
; Embedded Multiplier 9-bit elements ; 2 / 52 ( 4 % )                             ;
; Total PLLs                         ; 0 / 4 ( 0 % )                              ;
+------------------------------------+--------------------------------------------+


+-----------------------------------------+
; Flow Settings                           ;
+-------------------+---------------------+
; Option            ; Setting             ;
+-------------------+---------------------+
; Start date & time ; 02/07/2023 21:45:46 ;
; Main task         ; Compilation         ;
; Revision Name     ; Tarefa4             ;
+-------------------+---------------------+


+----------------------------------------------------------------------------------------------------------------------+
; Flow Non-Default Global Settings                                                                                     ;
+-------------------------------------+---------------------------------+---------------+-------------+----------------+
; Assignment Name                     ; Value                           ; Default Value ; Entity Name ; Section Id     ;
+-------------------------------------+---------------------------------+---------------+-------------+----------------+
; COMPILER_SIGNATURE_ID               ; 229335799409413.167581714608500 ; --            ; --          ; --             ;
; EDA_OUTPUT_DATA_FORMAT              ; Verilog Hdl                     ; --            ; --          ; eda_simulation ;
; EDA_SIMULATION_TOOL                 ; ModelSim-Altera (Verilog)       ; <None>        ; --          ; --             ;
; MAX_CORE_JUNCTION_TEMP              ; 85                              ; --            ; --          ; --             ;
; MIN_CORE_JUNCTION_TEMP              ; 0                               ; --            ; --          ; --             ;
; PARTITION_COLOR                     ; 16764057                        ; --            ; main        ; Top            ;
; PARTITION_FITTER_PRESERVATION_LEVEL ; PLACEMENT_AND_ROUTING           ; --            ; main        ; Top            ;
; PARTITION_NETLIST_TYPE              ; SOURCE                          ; --            ; main        ; Top            ;
; PROJECT_OUTPUT_DIRECTORY            ; output_files                    ; --            ; --          ; --             ;
; TOP_LEVEL_ENTITY                    ; main                            ; Tarefa4       ; --          ; --             ;
+-------------------------------------+---------------------------------+---------------+-------------+----------------+


+-------------------------------------------------------------------------------------------------------------------------------+
; Flow Elapsed Time                                                                                                             ;
+---------------------------+--------------+-------------------------+---------------------+------------------------------------+
; Module Name               ; Elapsed Time ; Average Processors Used ; Peak Virtual Memory ; Total CPU Time (on all processors) ;
+---------------------------+--------------+-------------------------+---------------------+------------------------------------+
; Analysis & Synthesis      ; 00:00:02     ; 1.0                     ; 4606 MB             ; 00:00:02                           ;
; Fitter                    ; 00:00:05     ; 1.0                     ; 4844 MB             ; 00:00:05                           ;
; Assembler                 ; 00:00:01     ; 1.0                     ; 4557 MB             ; 00:00:01                           ;
; TimeQuest Timing Analyzer ; 00:00:00     ; 1.0                     ; 4539 MB             ; 00:00:01                           ;
; EDA Netlist Writer        ; 00:00:01     ; 1.0                     ; 4507 MB             ; 00:00:00                           ;
; Total                     ; 00:00:09     ; --                      ; --                  ; 00:00:09                           ;
+---------------------------+--------------+-------------------------+---------------------+------------------------------------+


+----------------------------------------------------------------------------------------+
; Flow OS Summary                                                                        ;
+---------------------------+------------------+-----------+------------+----------------+
; Module Name               ; Machine Hostname ; OS Name   ; OS Version ; Processor type ;
+---------------------------+------------------+-----------+------------+----------------+
; Analysis & Synthesis      ; CMP-070620       ; Windows 7 ; 6.2        ; x86_64         ;
; Fitter                    ; CMP-070620       ; Windows 7 ; 6.2        ; x86_64         ;
; Assembler                 ; CMP-070620       ; Windows 7 ; 6.2        ; x86_64         ;
; TimeQuest Timing Analyzer ; CMP-070620       ; Windows 7 ; 6.2        ; x86_64         ;
; EDA Netlist Writer        ; CMP-070620       ; Windows 7 ; 6.2        ; x86_64         ;
+---------------------------+------------------+-----------+------------+----------------+


------------
; Flow Log ;
------------
quartus_map --read_settings_files=on --write_settings_files=off Tarefa4 -c Tarefa4
quartus_fit --read_settings_files=off --write_settings_files=off Tarefa4 -c Tarefa4
quartus_asm --read_settings_files=off --write_settings_files=off Tarefa4 -c Tarefa4
quartus_sta Tarefa4 -c Tarefa4
quartus_eda --read_settings_files=off --write_settings_files=off Tarefa4 -c Tarefa4



